<?xml version="1.0" encoding="UTF-8"?>
<!-- Generated by org.testng.reporters.JUnitReportReporter -->
<testsuite hostname="DESKTOP-0JLAA82" failures="0" tests="1" name="second.test.WebServiceTest" time="3.671" errors="0" timestamp="2022-09-20T23:50:30 IST" skipped="0">
  <testcase classname="second.test.WebServiceTest" name="getJsonDeserialized" time="3.671"/>
  <system-out/>
</testsuite> <!-- second.test.WebServiceTest -->
